Log file open, 05/22/18 19:12:50
LogWindows: LoadLibraryWithSearchPaths failed for file aqProf.dll. GetLastError=0
LogWindows: LoadLibraryWithSearchPaths failed for file VSPerf140.dll. GetLastError=0
LogWindows: LoadLibraryWithSearchPaths failed for file VtuneApi.dll. GetLastError=0
LogWindows: LoadLibraryWithSearchPaths failed for file VtuneApi32e.dll. GetLastError=0
LogInit: Display: Running engine for game: MyProject3
LogPlatformFile: Not using cached read wrapper
LogInit: Display: RandInit(-961209000) SRandInit(-961209000).
LogTaskGraph: Started task graph with 5 named threads and 8 total threads with 3 sets of task threads.
LogStats: Stats thread started at 0.133470
LogD3D11RHI: Aftermath initialized
LogPluginManager: Mounting plugin Paper2D
LogPluginManager: Mounting plugin LightPropagationVolume
LogPluginManager: Mounting plugin CodeLiteSourceCodeAccess
LogPluginManager: Mounting plugin GitSourceControl
LogPluginManager: Mounting plugin KDevelopSourceCodeAccess
LogPluginManager: Mounting plugin NullSourceCodeAccess
LogPluginManager: Mounting plugin PerforceSourceControl
LogPluginManager: Mounting plugin SubversionSourceControl
LogPluginManager: Mounting plugin UObjectPlugin
LogPluginManager: Mounting plugin VisualStudioSourceCodeAccess
LogPluginManager: Mounting plugin XCodeSourceCodeAccess
LogPluginManager: Mounting plugin AssetManagerEditor
LogPluginManager: Mounting plugin AudioCapture
LogPluginManager: Mounting plugin FacialAnimation
LogPluginManager: Mounting plugin GameplayTagsEditor
LogPluginManager: Mounting plugin MobileLauncherProfileWizard
LogPluginManager: Mounting plugin PluginBrowser
LogPluginManager: Mounting plugin SpeedTreeImporter
LogPluginManager: Mounting plugin AlembicImporter
LogPluginManager: Mounting plugin CharacterAI
LogPluginManager: Mounting plugin HTML5Networking
LogPluginManager: Mounting plugin AndroidMedia
LogPluginManager: Mounting plugin AvfMedia
LogPluginManager: Mounting plugin MediaPlayerEditor
LogPluginManager: Mounting plugin WmfMedia
LogPluginManager: Mounting plugin TcpMessaging
LogPluginManager: Mounting plugin UdpMessaging
LogPluginManager: Mounting plugin LevelSequenceEditor
LogPluginManager: Mounting plugin MatineeToLevelSequence
LogPluginManager: Mounting plugin OnlineSubsystemGooglePlay
LogPluginManager: Mounting plugin OnlineSubsystemIOS
LogPluginManager: Mounting plugin OnlineSubsystem
LogPluginManager: Mounting plugin OnlineSubsystemNull
LogPluginManager: Mounting plugin OnlineSubsystemUtils
LogPluginManager: Mounting plugin AndroidDeviceProfileSelector
LogPluginManager: Mounting plugin AndroidMoviePlayer
LogPluginManager: Mounting plugin AndroidPermission
LogPluginManager: Mounting plugin AppleMoviePlayer
LogPluginManager: Mounting plugin ArchVisCharacter
LogPluginManager: Mounting plugin CableComponent
LogPluginManager: Mounting plugin CustomMeshComponent
LogPluginManager: Mounting plugin ExampleDeviceProfileSelector
LogPluginManager: Mounting plugin GoogleCloudMessaging
LogPluginManager: Mounting plugin ImmediatePhysics
LogPluginManager: Mounting plugin IOSDeviceProfileSelector
LogPluginManager: Mounting plugin LinuxDeviceProfileSelector
LogPluginManager: Mounting plugin LocationServicesBPLibrary
LogPluginManager: Mounting plugin MobilePatchingUtils
LogPluginManager: Mounting plugin OculusVR
LogPluginManager: Mounting plugin PhysXVehicles
LogPluginManager: Mounting plugin ProceduralMeshComponent
LogPluginManager: Mounting plugin RuntimePhysXCooking
LogPluginManager: Mounting plugin SteamVR
LogPluginManager: Mounting plugin WindowsMoviePlayer
LogInit: Using libcurl 7.47.1
LogInit:  - built for x86_64-pc-win32
LogInit:  - supports SSL with OpenSSL/1.0.2g
LogInit:  - supports HTTP deflate (compression) using libz 1.2.8
LogInit:  - other features:
LogInit:      CURL_VERSION_SSL
LogInit:      CURL_VERSION_LIBZ
LogInit:      CURL_VERSION_IPV6
LogInit:      CURL_VERSION_ASYNCHDNS
LogInit:      CURL_VERSION_LARGEFILE
LogInit:      CURL_VERSION_IDN
LogInit:  CurlRequestOptions (configurable via config and command line):
LogInit:  - bVerifyPeer = false  - Libcurl will NOT verify peer certificate
LogInit:  - bUseHttpProxy = false  - Libcurl will NOT use HTTP proxy
LogInit:  - bDontReuseConnections = false  - Libcurl will reuse connections
LogInit:  - CertBundlePath = nullptr  - Libcurl will use whatever was configured at build time.
LogInit: Build: ++UE4+Release-4.17-CL-3586342
LogInit: Engine Version: 4.17.1-3586342+++UE4+Release-4.17
LogInit: Compatible Engine Version: 4.17.0-3573198+++UE4+Release-4.17
LogInit: Net CL: 3573198
LogDevObjectVersion: Number of dev versions registered: 16
LogDevObjectVersion:   Dev-Blueprints (B0D832E4-1F89-4F0D-ACCF-7EB736FD4AA2): 10
LogDevObjectVersion:   Dev-Build (E1C64328-A22C-4D53-A36C-8E866417BD8C): 0
LogDevObjectVersion:   Dev-Core (375EC13C-06E4-48FB-B500-84F0262A717E): 2
LogDevObjectVersion:   Dev-Editor (E4B068ED-F494-42E9-A231-DA0B2E46BB41): 20
LogDevObjectVersion:   Dev-Framework (CFFC743F-43B0-4480-9391-14DF171D2073): 28
LogDevObjectVersion:   Dev-Mobile (B02B49B5-BB20-44E9-A304-32B752E40360): 0
LogDevObjectVersion:   Dev-Networking (A4E4105C-59A1-49B5-A7C5-40C4547EDFEE): 0
LogDevObjectVersion:   Dev-Online (39C831C9-5AE6-47DC-9A44-9C173E1C8E7C): 0
LogDevObjectVersion:   Dev-Physics (78F01B33-EBEA-4F98-B9B4-84EACCB95AA2): 0
LogDevObjectVersion:   Dev-Platform (6631380F-2D4D-43E0-8009-CF276956A95A): 0
LogDevObjectVersion:   Dev-Rendering (12F88B9F-8875-4AFC-A67C-D90C383ABD29): 19
LogDevObjectVersion:   Dev-Sequencer (7B5AE74C-D270-4C10-A958-57980B212A5A): 4
LogDevObjectVersion:   Dev-VR (D7296918-1DD6-4BDD-9DE2-64A83CC13884): 0
LogDevObjectVersion:   Dev-LoadTimes (C2A15278-BFE7-4AFE-6C17-90FF531DF755): 1
LogDevObjectVersion:   Private-Geometry (6EACA3D4-40EC-4CC1-B786-8BED09428FC5): 1
LogDevObjectVersion:   Dev-AnimPhys (29E575DD-E0A3-4627-9D10-D276232CDCEA): 7
LogInit: Compiled (64-bit): Aug 15 2017 02:05:26
LogInit: Compiled with Visual C++: 19.00.24215.01
LogInit: Build Configuration: Development
LogInit: Branch Name: ++UE4+Release-4.17
LogInit: Command line: 
LogInit: Base directory: C:/Epic Games/UE_4.17/Engine/Binaries/Win64/
LogInit: Installed Engine Build: 1
LogInit: Presizing for max 8388607 objects, including 0 objects not considered by GC, pre-allocating 0 bytes for permanent pool.
LogInit: Object subsystem initialized
[2018.05.23-00.12.51:577][  0]LogInit: Selected Device Profile: [Windows]
[2018.05.23-00.12.51:577][  0]LogInit: Applying CVar settings loaded from the selected device profile: [Windows]
[2018.05.23-00.12.51:593][  0]LogInit: Computer: SHASHWATHISBAD
[2018.05.23-00.12.51:593][  0]LogInit: User: Shash
[2018.05.23-00.12.51:593][  0]LogInit: CPU Page size=4096, Cores=2
[2018.05.23-00.12.51:593][  0]LogInit: High frequency timer resolution =2.533309 MHz
[2018.05.23-00.12.51:593][  0]LogMemory: Memory total: Physical=7.7GB (8GB approx)
[2018.05.23-00.12.51:593][  0]LogMemory: Platform Memory Stats for Windows
[2018.05.23-00.12.51:593][  0]LogMemory: Process Physical Memory: 278.20 MB used, 278.20 MB peak
[2018.05.23-00.12.51:593][  0]LogMemory: Process Virtual Memory: 276.05 MB used, 276.05 MB peak
[2018.05.23-00.12.51:593][  0]LogMemory: Physical Memory: 5108.64 MB used,  2780.16 MB free, 7888.79 MB total
[2018.05.23-00.12.51:593][  0]LogMemory: Virtual Memory: 705.09 MB used,  2780.16 MB free, 134217728.00 MB total
[2018.05.23-00.12.51:841][  0]LogInit: Using OS detected language (en-US).
[2018.05.23-00.12.51:841][  0]LogInit: Using OS detected locale (en-US).
[2018.05.23-00.12.51:845][  0]LogTextLocalizationManager: No specific localization for 'en-US' exists, so the 'en' localization will be used.
[2018.05.23-00.12.52:700][  0]LogD3D11RHI: D3D11 adapters:
[2018.05.23-00.12.52:705][  0]LogD3D11RHI:    0. 'Intel(R) HD Graphics 4000' (Feature Level 11_0)
[2018.05.23-00.12.52:705][  0]LogD3D11RHI:       32/0/1760 MB DedicatedVideo/DedicatedSystem/SharedSystem, Outputs:1, VendorId:0x8086
[2018.05.23-00.12.52:708][  0]LogD3D11RHI:    1. 'Microsoft Basic Render Driver' (Feature Level 11_0)
[2018.05.23-00.12.52:708][  0]LogD3D11RHI:       0/0/3944 MB DedicatedVideo/DedicatedSystem/SharedSystem, Outputs:0, VendorId:0x1414
[2018.05.23-00.12.52:708][  0]LogD3D11RHI: Chosen D3D11 Adapter: 0
[2018.05.23-00.12.52:715][  0]LogD3D11RHI: Creating new Direct3DDevice
[2018.05.23-00.12.52:715][  0]LogD3D11RHI:     GPU DeviceId: 0x166 (for the marketing name, search the web for "GPU Device Id")
[2018.05.23-00.12.52:715][  0]LogWindows: EnumDisplayDevices:
[2018.05.23-00.12.52:716][  0]LogWindows:    0. 'Intel(R) HD Graphics 4000' (P:1 D:1)
[2018.05.23-00.12.52:716][  0]LogWindows:    1. 'Intel(R) HD Graphics 4000' (P:0 D:0)
[2018.05.23-00.12.52:716][  0]LogWindows:    2. 'Intel(R) HD Graphics 4000' (P:0 D:0)
[2018.05.23-00.12.52:716][  0]LogWindows: DebugString: GetVideoDriverDetailsInvalid PrimaryIsNotTheChoosenAdapter GetVideoDriverDetailsInvalid PrimaryIsNotTheChoosenAdapter GetVideoDriverDetailsInvalid PrimaryIsNotTheChoosenAdapter FoundDriverCount:0 
[2018.05.23-00.12.52:716][  0]LogD3D11RHI:     Adapter Name: Intel(R) HD Graphics 4000
[2018.05.23-00.12.52:716][  0]LogD3D11RHI:   Driver Version: Unknown (internal:Unknown, unified:Unknown)
[2018.05.23-00.12.52:716][  0]LogD3D11RHI:      Driver Date: Unknown
[2018.05.23-00.12.52:716][  0]LogRHI: Texture pool is 638 MB (70% of 912 MB)
[2018.05.23-00.12.52:720][  0]LogD3D11RHI: Async texture creation enabled
[2018.05.23-00.12.52:726][  0]LogD3D11RHI: GPU Timing Frequency: 12.500000 (Debug: 2 0)
[2018.05.23-00.12.52:727][  0]LogShaderCompilers: Guid format shader working directory is -23 characters bigger than the processId version (../../../../../Users/Shash/Documents/Unreal Projects/MyProject3 4.17/Intermediate/Shaders/WorkingDirectory/17116/).
[2018.05.23-00.12.52:727][  0]LogShaderCompilers: Cleaned the shader compiler working directory 'C:/Users/Shash/AppData/Local/Temp/UnrealShaderWorkingDir/7FF2B9E84DFFA648BF16D3876E37C8EA/'.
[2018.05.23-00.12.52:727][  0]LogShaderCompilers: Display: Using Local Shader Compiler.
[2018.05.23-00.12.53:918][  0]LogTemp: Display: Loaded TP AllDesktopTargetPlatform
[2018.05.23-00.12.53:997][  0]LogTemp: Display: Loaded TP MacClientTargetPlatform
[2018.05.23-00.12.54:074][  0]LogTemp: Display: Loaded TP MacNoEditorTargetPlatform
[2018.05.23-00.12.54:152][  0]LogTemp: Display: Loaded TP MacServerTargetPlatform
[2018.05.23-00.12.54:231][  0]LogTemp: Display: Loaded TP MacTargetPlatform
[2018.05.23-00.12.54:309][  0]LogTemp: Display: Loaded TP WindowsClientTargetPlatform
[2018.05.23-00.12.54:387][  0]LogTemp: Display: Loaded TP WindowsNoEditorTargetPlatform
[2018.05.23-00.12.54:465][  0]LogTemp: Display: Loaded TP WindowsServerTargetPlatform
[2018.05.23-00.12.54:535][  0]LogTemp: Display: Loaded TP WindowsTargetPlatform
[2018.05.23-00.12.54:614][  0]LogTemp: Display: Loaded TP AndroidTargetPlatform
[2018.05.23-00.12.54:691][  0]LogTemp: Display: Loaded TP Android_ASTCTargetPlatform
[2018.05.23-00.12.54:768][  0]LogTemp: Display: Loaded TP Android_ATCTargetPlatform
[2018.05.23-00.12.54:847][  0]LogTemp: Display: Loaded TP Android_DXTTargetPlatform
[2018.05.23-00.12.54:925][  0]LogTemp: Display: Loaded TP Android_ETC1TargetPlatform
[2018.05.23-00.12.55:002][  0]LogTemp: Display: Loaded TP Android_ETC2TargetPlatform
[2018.05.23-00.12.55:158][  0]LogTemp: Display: Loaded TP Android_MultiTargetPlatform
[2018.05.23-00.12.55:158][  0]LogTemp: Display: Loaded TP Android_PVRTCTargetPlatform
[2018.05.23-00.12.55:222][  0]LogTemp: Display: Loaded TP HTML5TargetPlatform
[2018.05.23-00.12.55:357][  0]LogTemp: Display: Loaded TP IOSTargetPlatform
[2018.05.23-00.12.55:402][  0]LogTemp: Display: Loaded TP TVOSTargetPlatform
[2018.05.23-00.12.55:479][  0]LogTemp: Display: Loaded TP LinuxClientTargetPlatform
[2018.05.23-00.12.55:558][  0]LogTemp: Display: Loaded TP LinuxNoEditorTargetPlatform
[2018.05.23-00.12.55:635][  0]LogTemp: Display: Loaded TP LinuxServerTargetPlatform
[2018.05.23-00.12.55:712][  0]LogTemp: Display: Loaded TP LinuxTargetPlatform
[2018.05.23-00.12.55:712][  0]LogTargetPlatformManager: Display: Building Assets For Windows
[2018.05.23-00.12.56:473][  0]LogDerivedDataCache: Display: Max Cache Size: 512 MB
[2018.05.23-00.12.56:565][  0]LogDerivedDataCache: Loaded boot cache 0.09s 93MB C:/Users/Shash/AppData/Local/UnrealEngine/4.17/DerivedDataCache/Boot.ddc.
[2018.05.23-00.12.56:565][  0]LogDerivedDataCache: Display: Loaded Boot cache: C:/Users/Shash/AppData/Local/UnrealEngine/4.17/DerivedDataCache/Boot.ddc
[2018.05.23-00.12.56:565][  0]LogDerivedDataCache: FDerivedDataBackendGraph:  Pak pak cache file ../../../../../Users/Shash/Documents/Unreal Projects/MyProject3 4.17/DerivedDataCache/DDC.ddp not found, will not use a pak cache.
[2018.05.23-00.12.56:565][  0]LogDerivedDataCache: Unable to find inner node Pak for hierarchical cache Hierarchy.
[2018.05.23-00.12.56:566][  0]LogDerivedDataCache: FDerivedDataBackendGraph:  CompressedPak pak cache file ../../../../../Users/Shash/Documents/Unreal Projects/MyProject3 4.17/DerivedDataCache/Compressed.ddp not found, will not use a pak cache.
[2018.05.23-00.12.56:566][  0]LogDerivedDataCache: Unable to find inner node CompressedPak for hierarchical cache Hierarchy.
[2018.05.23-00.12.56:584][  0]LogDerivedDataCache: Display: Pak cache opened for reading ../../../Engine/DerivedDataCache/Compressed.ddp.
[2018.05.23-00.12.56:597][  0]LogDerivedDataCache: Using Local data cache path C:/Users/Shash/AppData/Local/UnrealEngine/Common/DerivedDataCache: Writable
[2018.05.23-00.12.56:610][  0]LogMaterial: Verifying Global Shaders for PCD3D_SM5
[2018.05.23-00.12.56:610][  0]LogSlate: Using Freetype 2.6.0
[2018.05.23-00.12.56:611][  0]LogSlate: SlateFontCache - WITH_FREETYPE: 1, WITH_HARFBUZZ: 1
[2018.05.23-00.12.56:611][  0]LogSlate: SlateFontCache - WITH_FREETYPE: 1, WITH_HARFBUZZ: 1
[2018.05.23-00.12.56:959][  0]LogAssetRegistry: FAssetRegistry took 0.0281 seconds to start up
[2018.05.23-00.12.57:171][  0]LogInit: Selected Device Profile: [Windows]
[2018.05.23-00.12.57:397][  0]LogContentStreaming: Texture pool size is 0.00 MB
[2018.05.23-00.12.57:912][  0]LogSimplygon: Simplygon DLL not present - disabling.
[2018.05.23-00.12.57:977][  0]LogMeshReduction: Using SimplygonSwarm for distributed automatic mesh merging
[2018.05.23-00.12.57:977][  0]LogMeshReduction: Using QuadricMeshReduction for automatic static mesh reduction
[2018.05.23-00.12.57:977][  0]LogMeshReduction: No automatic skeletal mesh reduction module available
[2018.05.23-00.12.57:977][  0]LogMeshReduction: No automatic mesh merging module available
[2018.05.23-00.12.57:977][  0]LogMeshMerging: No automatic mesh merging module available
[2018.05.23-00.12.58:467][  0]LogNetVersion: MyProject3 , NetCL: 3573198, EngineNetVer: 2, GameNetVer: 0 (Checksum: 843825019)
[2018.05.23-00.12.58:774][  0]LogPackageLocalizationCache: Processed 5 localized package path(s) for 2 prioritized culture(s) in 0.065240 seconds
[2018.05.23-00.12.58:781][  0]LogUObjectArray: 35825 objects as part of root set at end of initial load.
[2018.05.23-00.12.58:781][  0]LogUObjectAllocator: 7529112 out of 0 bytes used by permanent object pool.
[2018.05.23-00.12.58:781][  0]LogUObjectArray: CloseDisregardForGC: 0/0 objects in disregard for GC pool
[2018.05.23-00.12.58:910][  0]LogInit: WinSock: version 1.1 (2.2), MaxSocks=32767, MaxUdp=65467
[2018.05.23-00.13.03:185][  0]LogTcpMessaging: Initializing TcpMessaging bridge
[2018.05.23-00.13.03:244][  0]LogUdpMessaging: Initializing bridge on interface 0.0.0.0:0 to multicast group 230.0.0.1:6666.
[2018.05.23-00.13.04:250][  0]LogMaterial: Uniform references updated for custom material expression Custom.
[2018.05.23-00.13.04:916][  0]SourceControl: Source control is disabled
[2018.05.23-00.13.04:917][  0]SourceControl: Source control is disabled
[2018.05.23-00.13.05:006][  0]SourceControl: Source control is disabled
[2018.05.23-00.13.05:086][  0]SourceControl: Source control is disabled
[2018.05.23-00.13.06:051][  0]LogAndroidPermission: UAndroidPermissionCallbackProxy::GetInstance
[2018.05.23-00.13.06:453][  0]LogOcInput: OculusInput pre-init called
[2018.05.23-00.13.06:862][  0]LogEngine: Initializing Engine...
[2018.05.23-00.13.06:864][  0]LogHMD: Failed to initialize OpenVR with code 110
[2018.05.23-00.13.07:139][  0]LogStats: UGameplayTagsManager::ConstructGameplayTagTree: Construct from data asset -  0.000 s
[2018.05.23-00.13.07:139][  0]LogStats: UGameplayTagsManager::ConstructGameplayTagTree: GameplayTagTreeChangedEvent.Broadcast -  0.000 s
[2018.05.23-00.13.07:365][  0]LogAIModule: Creating AISystem for world Untitled
[2018.05.23-00.13.07:375][  0]LogInit: XAudio2 using 'Speaker/HP (Realtek High Definition Audio)' : 2 channels at 48 kHz using 32 bits per sample (channel mask 0x3)
[2018.05.23-00.13.07:397][  0]LogInit: FAudioDevice initialized.
[2018.05.23-00.13.07:500][  0]LogDerivedDataCache: Saved boot cache 0.10s 93MB C:/Users/Shash/AppData/Local/UnrealEngine/4.17/DerivedDataCache/Boot.ddc.
[2018.05.23-00.13.07:516][  0]LogInit: Texture streaming: Enabled
[2018.05.23-00.13.07:713][  0]LogEngineSessionManager: EngineSessionManager initialized
[2018.05.23-00.13.08:083][  0]LogInit: Transaction tracking system initialized
[2018.05.23-00.13.08:625][  0]BlueprintLog: New page: Editor Load
[2018.05.23-00.13.10:145][  0]LocalizationService: Localization service is disabled
[2018.05.23-00.13.11:631][  0]LogConsoleResponse: Display: 
[2018.05.23-00.13.11:901][  0]LogCook: Display: Max memory allowance for cook 16384mb min free memory 0mb
[2018.05.23-00.13.11:902][  0]LogCook: Display: Mobile HDR setting 1
[2018.05.23-00.13.11:902][  0]LogGameplayTags: Display: UGameplayTagsManager::DoneAddingNativeTags. DelegateIsBound: 0
[2018.05.23-00.13.12:792][  0]LogFileCache: Scanning file cache for directory 'C:/Users/Shash/Documents/Unreal Projects/MyProject3 4.17/Content/' took 0.02s
[2018.05.23-00.13.13:681][  0]SourceControl: Source control is disabled
[2018.05.23-00.13.13:681][  0]Cmd: MAP LOAD FILE="../../../../../Users/Shash/Documents/Unreal Projects/MyProject3 4.17/Content/FirstPersonBP/Maps/FirstPersonExampleMap.umap" TEMPLATE=0 SHOWPROGRESS=1 FEATURELEVEL=3
[2018.05.23-00.13.13:682][  0]LightingResults: New page: Lighting Build
[2018.05.23-00.13.13:750][  0]MapCheck: New page: Map Check
[2018.05.23-00.13.13:750][  0]LightingResults: New page: Lighting Build
[2018.05.23-00.13.15:038][  0]LogAIModule: Creating AISystem for world FirstPersonExampleMap
[2018.05.23-00.13.15:104][  0]LogEditorServer: Finished looking for orphan Actors (0.000 secs)
[2018.05.23-00.13.15:151][  0]Cmd: MAP CHECKDEP NOCLEARLOG
[2018.05.23-00.13.15:247][  0]MapCheck: Map check complete: 0 Error(s), 0 Warning(s), took 95.782ms to complete.
[2018.05.23-00.13.15:247][  0]LogFileHelpers: Loading map 'FirstPersonExampleMap' took 1.566
[2018.05.23-00.13.15:471][  0]LogCollectionManager: Loaded 0 collections in 0.002556 seconds
[2018.05.23-00.13.15:603][  0]LogFileCache: Scanning file cache for directory 'C:/Users/Shash/Documents/Unreal Projects/MyProject3 4.17/Saved/Collections/' took 0.01s
[2018.05.23-00.13.15:603][  0]LogFileCache: Scanning file cache for directory 'C:/Users/Shash/Documents/Unreal Projects/MyProject3 4.17/Content/Developers/Shash/Collections/' took 0.01s
[2018.05.23-00.13.15:603][  0]LogFileCache: Scanning file cache for directory 'C:/Users/Shash/Documents/Unreal Projects/MyProject3 4.17/Content/Collections/' took 0.01s
[2018.05.23-00.13.15:603][  0]LogCollectionManager: Rebuilt the GUID cache for 0 collections in 0.000002 seconds
[2018.05.23-00.13.15:616][  0]LogContentBrowser: Native class hierarchy populated in 0.0120 seconds. Added 2386 classes and 500 folders.
[2018.05.23-00.13.15:732][  0]LogContentBrowser: Native class hierarchy updated for 'WidgetCarousel' in 0.0008 seconds. Added 0 classes and 0 folders.
[2018.05.23-00.13.15:790][  0]LogContentBrowser: Native class hierarchy updated for 'AddContentDialog' in 0.0007 seconds. Added 0 classes and 0 folders.
[2018.05.23-00.13.15:864][  0]LogContentBrowser: Native class hierarchy updated for 'SceneOutliner' in 0.0009 seconds. Added 1 classes and 2 folders.
[2018.05.23-00.13.15:899][  0]LogSlate: Took 0.000297 seconds to synchronously load lazily loaded font '../../../Engine/Content/Slate/Fonts/Roboto-Regular.ttf' (155K)
[2018.05.23-00.13.15:902][  0]LogSlate: Took 0.000261 seconds to synchronously load lazily loaded font '../../../Engine/Content/Slate/Fonts/Roboto-Bold.ttf' (160K)
[2018.05.23-00.13.15:912][  0]LogSlate: Took 0.000371 seconds to synchronously load lazily loaded font '../../../Engine/Content/Editor/Slate/Fonts/FontAwesome.ttf' (139K)
[2018.05.23-00.13.16:045][  0]LogRenderer: Reallocating scene render targets to support 908x484 Format 9 NumSamples 1 (Frame:1).
[2018.05.23-00.13.16:724][  0]LogContentBrowser: Native class hierarchy updated for 'HierarchicalLODOutliner' in 0.0008 seconds. Added 1 classes and 2 folders.
[2018.05.23-00.13.16:724][  0]LogLoad: (Engine Initialization) Total time: 27.26 seconds
[2018.05.23-00.13.16:724][  0]LogLoad: (Engine Initialization) Total Blueprint compile time: 0.00 seconds
[2018.05.23-00.13.16:724][  0]LogExternalProfiler: No external profilers were discovered.  External profiling features will not be available.
[2018.05.23-00.13.16:737][  0]LogWindowsTextInputMethodSystem: Display: IME system now deactivated.
[2018.05.23-00.13.16:755][  0]LogContentStreaming: Texture pool size now 400 MB
[2018.05.23-00.13.16:779][  0]LogSlate: Took 0.000256 seconds to synchronously load lazily loaded font '../../../Engine/Content/Slate/Fonts/Roboto-Light.ttf' (159K)
[2018.05.23-00.13.16:865][  2]LogAssetRegistry: Asset discovery search completed in 19.9290 seconds
[2018.05.23-00.13.16:869][  2]LogCollectionManager: Rebuilt the object cache for 0 collections in 0.000001 seconds (found 0 objects)
[2018.05.23-00.13.16:869][  2]LogCollectionManager: Fixed up redirectors for 0 collections in 0.000107 seconds (updated 0 objects)
[2018.05.23-00.13.24:910][282]LogSlate: Took 0.000323 seconds to synchronously load lazily loaded font '../../../Engine/Content/Slate/Fonts/Roboto-Light.ttf' (159K)
[2018.05.23-00.13.25:507][314]LogSlate: Took 0.000195 seconds to synchronously load lazily loaded font '../../../Engine/Content/Slate/Fonts/Roboto-Light.ttf' (159K)
[2018.05.23-00.13.26:016][314]LogContentBrowser: Native class hierarchy updated for 'BlueprintGraph' in 0.0013 seconds. Added 113 classes and 0 folders.
[2018.05.23-00.13.26:996][314]LogSlate: Took 0.000318 seconds to synchronously load lazily loaded font '../../../Engine/Content/Editor/Slate/Fonts/Roboto-BoldCondensed.ttf' (158K)
[2018.05.23-00.13.27:393][315]LogSlate: Took 0.000363 seconds to synchronously load lazily loaded font '../../../Engine/Content/Editor/Slate/Fonts/Roboto-Italic.ttf' (157K)
[2018.05.23-00.13.54:005][302]BlueprintLog: New page: Compile FirstPersonExampleMap
[2018.05.23-00.13.59:145][424]LogSavePackage: Save=924.19ms
[2018.05.23-00.13.59:145][424]LogSavePackage: Moving '../../../../../Users/Shash/Documents/Unreal Projects/MyProject3 4.17/Saved/FirstPersonExampleMap33A311DA49FE559D942CE5AC4B3003B4.tmp' to '../../../../../Users/Shash/Documents/Unreal Projects/MyProject3 4.17/Content/FirstPersonBP/Maps/FirstPersonExampleMap.umap'
[2018.05.23-00.13.59:150][424]LogSavePackage: Display: Finished SavePackage ../../../../../Users/Shash/Documents/Unreal Projects/MyProject3 4.17/Content/FirstPersonBP/Maps/FirstPersonExampleMap.umap
[2018.05.23-00.14.00:165][424]LogSlate: Took 0.000281 seconds to synchronously load lazily loaded font '../../../Engine/Content/Slate/Fonts/Roboto-Regular.ttf' (155K)
[2018.05.23-00.14.02:530][424]LogSavePackage: Save=3354.93ms
[2018.05.23-00.14.02:530][424]LogSavePackage: Moving '../../../../../Users/Shash/Documents/Unreal Projects/MyProject3 4.17/Saved/FirstPersonExampleMap_BuiltData42EA2626498DD099ED5525AC82D43B25.tmp' to '../../../../../Users/Shash/Documents/Unreal Projects/MyProject3 4.17/Content/FirstPersonBP/Maps/FirstPersonExampleMap_BuiltData.uasset'
[2018.05.23-00.14.02:533][424]LogSavePackage: Display: Finished SavePackage ../../../../../Users/Shash/Documents/Unreal Projects/MyProject3 4.17/Content/FirstPersonBP/Maps/FirstPersonExampleMap_BuiltData.uasset
[2018.05.23-00.14.03:632][459]LogTemp: Repeating last play command: Selected Viewport
[2018.05.23-00.14.03:691][459]LogBlueprintUserMessages: Early PlayInEditor Detection: Level '/Game/FirstPersonBP/Maps/FirstPersonExampleMap.FirstPersonExampleMap:PersistentLevel' has LevelScriptBlueprint '/Game/FirstPersonBP/Maps/FirstPersonExampleMap.FirstPersonExampleMap:PersistentLevel.FirstPersonExampleMap' with GeneratedClass '/Game/FirstPersonBP/Maps/FirstPersonExampleMap.FirstPersonExampleMap_C' with ClassGeneratedBy '/Game/FirstPersonBP/Maps/FirstPersonExampleMap.FirstPersonExampleMap:PersistentLevel.FirstPersonExampleMap'
[2018.05.23-00.14.03:692][459]LogPlayLevel: PlayLevel: No blueprints needed recompiling
[2018.05.23-00.14.03:692][459]PIE: New page: PIE session: FirstPersonExampleMap (May 22, 2018, 2:14:03 PM)
[2018.05.23-00.14.03:692][459]LogPlayLevel: Creating play world package: /Game/FirstPersonBP/Maps/UEDPIE_0_FirstPersonExampleMap
[2018.05.23-00.14.03:744][459]LogPlayLevel: PIE: StaticDuplicateObject took: (0.051459s)
[2018.05.23-00.14.03:745][459]LogAIModule: Creating AISystem for world FirstPersonExampleMap
[2018.05.23-00.14.03:745][459]LogPlayLevel: PIE: World Init took: (0.001307s)
[2018.05.23-00.14.03:746][459]LogPlayLevel: PIE: Created PIE world by copying editor world from /Game/FirstPersonBP/Maps/FirstPersonExampleMap.FirstPersonExampleMap to /Game/FirstPersonBP/Maps/UEDPIE_0_FirstPersonExampleMap.FirstPersonExampleMap (0.053316s)
[2018.05.23-00.14.03:777][459]LogInit: XAudio2 using 'Speaker/HP (Realtek High Definition Audio)' : 2 channels at 48 kHz using 32 bits per sample (channel mask 0x3)
[2018.05.23-00.14.03:792][459]LogInit: FAudioDevice initialized.
[2018.05.23-00.14.03:835][459]LogLoad: Game class is 'FirstPersonGameMode_C'
[2018.05.23-00.14.03:844][459]LogWorld: Bringing World /Game/FirstPersonBP/Maps/UEDPIE_0_FirstPersonExampleMap.FirstPersonExampleMap up for play (max tick rate 0) at 2018.05.22-19.14.03
[2018.05.23-00.14.03:845][459]LogWorld: Bringing up level for play took: 0.008276
[2018.05.23-00.14.03:920][459]LogContentBrowser: Native class hierarchy updated for 'MovieSceneCapture' in 0.0009 seconds. Added 11 classes and 0 folders.
[2018.05.23-00.14.03:921][459]PIE: Play in editor start time for /Game/FirstPersonBP/Maps/UEDPIE_0_FirstPersonExampleMap -0.242
[2018.05.23-00.14.03:922][459]LogBlueprintUserMessages: Late PlayInEditor Detection: Level '/Game/FirstPersonBP/Maps/FirstPersonExampleMap.FirstPersonExampleMap:PersistentLevel' has LevelScriptBlueprint '/Game/FirstPersonBP/Maps/FirstPersonExampleMap.FirstPersonExampleMap:PersistentLevel.FirstPersonExampleMap' with GeneratedClass '/Game/FirstPersonBP/Maps/FirstPersonExampleMap.FirstPersonExampleMap_C' with ClassGeneratedBy '/Game/FirstPersonBP/Maps/FirstPersonExampleMap.FirstPersonExampleMap:PersistentLevel.FirstPersonExampleMap'
[2018.05.23-00.14.22:591][889]LogBlueprintUserMessages: Early EndPlayMap Detection: Level '/Game/FirstPersonBP/Maps/FirstPersonExampleMap.FirstPersonExampleMap:PersistentLevel' has LevelScriptBlueprint '/Game/FirstPersonBP/Maps/FirstPersonExampleMap.FirstPersonExampleMap:PersistentLevel.FirstPersonExampleMap' with GeneratedClass '/Game/FirstPersonBP/Maps/FirstPersonExampleMap.FirstPersonExampleMap_C' with ClassGeneratedBy '/Game/FirstPersonBP/Maps/FirstPersonExampleMap.FirstPersonExampleMap:PersistentLevel.FirstPersonExampleMap'
[2018.05.23-00.14.22:633][889]LogBlueprintUserMessages: Late EndPlayMap Detection: Level '/Game/FirstPersonBP/Maps/FirstPersonExampleMap.FirstPersonExampleMap:PersistentLevel' has LevelScriptBlueprint '/Game/FirstPersonBP/Maps/FirstPersonExampleMap.FirstPersonExampleMap:PersistentLevel.FirstPersonExampleMap' with GeneratedClass '/Game/FirstPersonBP/Maps/FirstPersonExampleMap.FirstPersonExampleMap_C' with ClassGeneratedBy '/Game/FirstPersonBP/Maps/FirstPersonExampleMap.FirstPersonExampleMap:PersistentLevel.FirstPersonExampleMap'
[2018.05.23-00.14.24:615][952]LogEditorViewport: Clicking on Actor (LMB): TriggerBox (TriggerBox5)
[2018.05.23-00.14.54:873][767]BlueprintLog: New page: Compile FirstPersonExampleMap
[2018.05.23-00.15.01:185][949]LogTemp: Repeating last play command: Selected Viewport
[2018.05.23-00.15.01:201][949]LogBlueprintUserMessages: Early PlayInEditor Detection: Level '/Game/FirstPersonBP/Maps/FirstPersonExampleMap.FirstPersonExampleMap:PersistentLevel' has LevelScriptBlueprint '/Game/FirstPersonBP/Maps/FirstPersonExampleMap.FirstPersonExampleMap:PersistentLevel.FirstPersonExampleMap' with GeneratedClass '/Game/FirstPersonBP/Maps/FirstPersonExampleMap.FirstPersonExampleMap_C' with ClassGeneratedBy '/Game/FirstPersonBP/Maps/FirstPersonExampleMap.FirstPersonExampleMap:PersistentLevel.FirstPersonExampleMap'
[2018.05.23-00.15.01:201][949]LogPlayLevel: PlayLevel: No blueprints needed recompiling
[2018.05.23-00.15.01:201][949]PIE: New page: PIE session: FirstPersonExampleMap (May 22, 2018, 2:15:01 PM)
[2018.05.23-00.15.01:201][949]LogPlayLevel: Creating play world package: /Game/FirstPersonBP/Maps/UEDPIE_0_FirstPersonExampleMap
[2018.05.23-00.15.01:261][949]LogPlayLevel: PIE: StaticDuplicateObject took: (0.059953s)
[2018.05.23-00.15.01:263][949]LogAIModule: Creating AISystem for world FirstPersonExampleMap
[2018.05.23-00.15.01:263][949]LogPlayLevel: PIE: World Init took: (0.001528s)
[2018.05.23-00.15.01:263][949]LogPlayLevel: PIE: Created PIE world by copying editor world from /Game/FirstPersonBP/Maps/FirstPersonExampleMap.FirstPersonExampleMap to /Game/FirstPersonBP/Maps/UEDPIE_0_FirstPersonExampleMap.FirstPersonExampleMap (0.062034s)
[2018.05.23-00.15.01:298][949]LogInit: XAudio2 using 'Speaker/HP (Realtek High Definition Audio)' : 2 channels at 48 kHz using 32 bits per sample (channel mask 0x3)
[2018.05.23-00.15.01:313][949]LogInit: FAudioDevice initialized.
[2018.05.23-00.15.01:349][949]LogLoad: Game class is 'FirstPersonGameMode_C'
[2018.05.23-00.15.01:359][949]LogWorld: Bringing World /Game/FirstPersonBP/Maps/UEDPIE_0_FirstPersonExampleMap.FirstPersonExampleMap up for play (max tick rate 0) at 2018.05.22-19.15.01
[2018.05.23-00.15.01:360][949]LogWorld: Bringing up level for play took: 0.010222
[2018.05.23-00.15.01:362][949]PIE: Play in editor start time for /Game/FirstPersonBP/Maps/UEDPIE_0_FirstPersonExampleMap -0.802
[2018.05.23-00.15.01:362][949]LogBlueprintUserMessages: Late PlayInEditor Detection: Level '/Game/FirstPersonBP/Maps/FirstPersonExampleMap.FirstPersonExampleMap:PersistentLevel' has LevelScriptBlueprint '/Game/FirstPersonBP/Maps/FirstPersonExampleMap.FirstPersonExampleMap:PersistentLevel.FirstPersonExampleMap' with GeneratedClass '/Game/FirstPersonBP/Maps/FirstPersonExampleMap.FirstPersonExampleMap_C' with ClassGeneratedBy '/Game/FirstPersonBP/Maps/FirstPersonExampleMap.FirstPersonExampleMap:PersistentLevel.FirstPersonExampleMap'
[2018.05.23-00.15.40:606][812]LogNet: Browse: /Game/FirstPersonBP/Maps/FirstPersonExampleMap
[2018.05.23-00.15.40:630][812]LogLoad: LoadMap: /Game/FirstPersonBP/Maps/FirstPersonExampleMap
[2018.05.23-00.15.40:693][812]Cmd: MEM
[2018.05.23-00.15.40:720][812]LogMemory: Platform Memory Stats for Windows
[2018.05.23-00.15.40:720][812]LogMemory: Process Physical Memory: 2182.78 MB used, 2207.09 MB peak
[2018.05.23-00.15.40:720][812]LogMemory: Process Virtual Memory: 2326.42 MB used, 2398.11 MB peak
[2018.05.23-00.15.40:720][812]LogMemory: Physical Memory: 6472.97 MB used,  1415.82 MB free, 7888.79 MB total
[2018.05.23-00.15.40:720][812]LogMemory: Virtual Memory: 3145.28 MB used,  1415.82 MB free, 134217728.00 MB total
[2018.05.23-00.15.40:720][812]LogMemory: 
[2018.05.23-00.15.40:720][812]Allocator Stats for TBB: (not implemented)
[2018.05.23-00.15.40:720][812]LogPlayLevel: Creating play world package: /Game/FirstPersonBP/Maps/UEDPIE_0_FirstPersonExampleMap
[2018.05.23-00.15.40:771][812]LogPlayLevel: PIE: StaticDuplicateObject took: (0.050362s)
[2018.05.23-00.15.40:772][812]LogAIModule: Creating AISystem for world FirstPersonExampleMap
[2018.05.23-00.15.40:772][812]LogPlayLevel: PIE: World Init took: (0.001562s)
[2018.05.23-00.15.40:773][812]LogPlayLevel: PIE: Created PIE world by copying editor world from /Game/FirstPersonBP/Maps/FirstPersonExampleMap.FirstPersonExampleMap to /Game/FirstPersonBP/Maps/UEDPIE_0_FirstPersonExampleMap.FirstPersonExampleMap (0.052311s)
[2018.05.23-00.15.40:773][812]LogLoad: Game class is 'FirstPersonGameMode_C'
[2018.05.23-00.15.40:786][812]LogWorld: Bringing World /Game/FirstPersonBP/Maps/UEDPIE_0_FirstPersonExampleMap.FirstPersonExampleMap up for play (max tick rate 0) at 2018.05.22-19.15.40
[2018.05.23-00.15.40:787][812]LogWorld: Bringing up level for play took: 0.014038
[2018.05.23-00.15.40:789][812]LogLoad: Took 0.159228 seconds to LoadMap(/Game/FirstPersonBP/Maps/UEDPIE_0_FirstPersonExampleMap)
[2018.05.23-00.16.19:113][ 26]LogNet: Browse: /Game/FirstPersonBP/Maps/FirstPersonExampleMap
[2018.05.23-00.16.19:114][ 26]LogLoad: LoadMap: /Game/FirstPersonBP/Maps/FirstPersonExampleMap
[2018.05.23-00.16.19:149][ 26]Cmd: MEM
[2018.05.23-00.16.19:177][ 26]LogMemory: Platform Memory Stats for Windows
[2018.05.23-00.16.19:177][ 26]LogMemory: Process Physical Memory: 2170.73 MB used, 2279.99 MB peak
[2018.05.23-00.16.19:177][ 26]LogMemory: Process Virtual Memory: 2277.90 MB used, 2444.30 MB peak
[2018.05.23-00.16.19:177][ 26]LogMemory: Physical Memory: 6417.88 MB used,  1470.91 MB free, 7888.79 MB total
[2018.05.23-00.16.19:178][ 26]LogMemory: Virtual Memory: 3099.90 MB used,  1470.91 MB free, 134217728.00 MB total
[2018.05.23-00.16.19:178][ 26]LogMemory: 
[2018.05.23-00.16.19:178][ 26]Allocator Stats for TBB: (not implemented)
[2018.05.23-00.16.19:178][ 26]LogPlayLevel: Creating play world package: /Game/FirstPersonBP/Maps/UEDPIE_0_FirstPersonExampleMap
[2018.05.23-00.16.19:223][ 26]LogPlayLevel: PIE: StaticDuplicateObject took: (0.045249s)
[2018.05.23-00.16.19:224][ 26]LogAIModule: Creating AISystem for world FirstPersonExampleMap
[2018.05.23-00.16.19:225][ 26]LogPlayLevel: PIE: World Init took: (0.001950s)
[2018.05.23-00.16.19:226][ 26]LogPlayLevel: PIE: Created PIE world by copying editor world from /Game/FirstPersonBP/Maps/FirstPersonExampleMap.FirstPersonExampleMap to /Game/FirstPersonBP/Maps/UEDPIE_0_FirstPersonExampleMap.FirstPersonExampleMap (0.047951s)
[2018.05.23-00.16.19:226][ 26]LogLoad: Game class is 'FirstPersonGameMode_C'
[2018.05.23-00.16.19:235][ 26]LogWorld: Bringing World /Game/FirstPersonBP/Maps/UEDPIE_0_FirstPersonExampleMap.FirstPersonExampleMap up for play (max tick rate 0) at 2018.05.22-19.16.19
[2018.05.23-00.16.19:236][ 26]LogWorld: Bringing up level for play took: 0.008832
[2018.05.23-00.16.19:238][ 26]LogLoad: Took 0.124345 seconds to LoadMap(/Game/FirstPersonBP/Maps/UEDPIE_0_FirstPersonExampleMap)
[2018.05.23-00.17.14:944][181]LogBlueprintUserMessages: Early EndPlayMap Detection: Level '/Game/FirstPersonBP/Maps/FirstPersonExampleMap.FirstPersonExampleMap:PersistentLevel' has LevelScriptBlueprint '/Game/FirstPersonBP/Maps/FirstPersonExampleMap.FirstPersonExampleMap:PersistentLevel.FirstPersonExampleMap' with GeneratedClass '/Game/FirstPersonBP/Maps/FirstPersonExampleMap.FirstPersonExampleMap_C' with ClassGeneratedBy '/Game/FirstPersonBP/Maps/FirstPersonExampleMap.FirstPersonExampleMap:PersistentLevel.FirstPersonExampleMap'
[2018.05.23-00.17.15:010][181]LogBlueprintUserMessages: Late EndPlayMap Detection: Level '/Game/FirstPersonBP/Maps/FirstPersonExampleMap.FirstPersonExampleMap:PersistentLevel' has LevelScriptBlueprint '/Game/FirstPersonBP/Maps/FirstPersonExampleMap.FirstPersonExampleMap:PersistentLevel.FirstPersonExampleMap' with GeneratedClass '/Game/FirstPersonBP/Maps/FirstPersonExampleMap.FirstPersonExampleMap_C' with ClassGeneratedBy '/Game/FirstPersonBP/Maps/FirstPersonExampleMap.FirstPersonExampleMap:PersistentLevel.FirstPersonExampleMap'
[2018.05.23-00.21.26:892][282]LogSavePackage: Save=1022.19ms
[2018.05.23-00.21.26:892][282]LogSavePackage: Moving '../../../../../Users/Shash/Documents/Unreal Projects/MyProject3 4.17/Saved/FirstPersonExampleMap874D996C42D82FB4033B178FC4B8BC05.tmp' to '../../../../../Users/Shash/Documents/Unreal Projects/MyProject3 4.17/Content/FirstPersonBP/Maps/FirstPersonExampleMap.umap'
[2018.05.23-00.21.26:897][282]LogSavePackage: Display: Finished SavePackage ../../../../../Users/Shash/Documents/Unreal Projects/MyProject3 4.17/Content/FirstPersonBP/Maps/FirstPersonExampleMap.umap
[2018.05.23-00.21.29:968][282]LogSavePackage: Save=3029.32ms
[2018.05.23-00.21.29:969][282]LogSavePackage: Moving '../../../../../Users/Shash/Documents/Unreal Projects/MyProject3 4.17/Saved/FirstPersonExampleMap_BuiltData7B61BBC748845011D894F4AC4363CEB2.tmp' to '../../../../../Users/Shash/Documents/Unreal Projects/MyProject3 4.17/Content/FirstPersonBP/Maps/FirstPersonExampleMap_BuiltData.uasset'
[2018.05.23-00.21.29:974][282]LogSavePackage: Display: Finished SavePackage ../../../../../Users/Shash/Documents/Unreal Projects/MyProject3 4.17/Content/FirstPersonBP/Maps/FirstPersonExampleMap_BuiltData.uasset
[2018.05.23-00.21.32:341][361]Cmd: QUIT_EDITOR
[2018.05.23-00.21.33:072][361]LogWindowsTextInputMethodSystem: Display: IME system now deactivated.
[2018.05.23-00.21.33:102][361]LogExit: Preparing to exit.
[2018.05.23-00.21.33:594][361]LogDirectoryWatcher: A directory notification for 'C:/Users/Shash/Documents/Unreal Projects/MyProject3 4.17/Content/' was aborted.
[2018.05.23-00.21.33:658][361]LogExit: Editor shut down
[2018.05.23-00.21.33:665][361]LogExit: Transaction tracking system shut down
[2018.05.23-00.21.33:861][361]LogDirectoryWatcher: A directory notification for '../../../Engine/Content/' was aborted.
[2018.05.23-00.21.33:861][361]LogDirectoryWatcher: A directory notification for '../../../../../Users/Shash/Documents/Unreal Projects/MyProject3 4.17/Content/' was aborted.
[2018.05.23-00.21.33:861][361]LogDirectoryWatcher: A directory notification for '../../../Engine/Plugins/2D/Paper2D/Content/' was aborted.
[2018.05.23-00.21.33:861][361]LogDirectoryWatcher: A directory notification for '../../../Engine/Plugins/Runtime/Oculus/OculusVR/Content/' was aborted.
[2018.05.23-00.21.33:861][361]LogDirectoryWatcher: A directory notification for '../../../Engine/Plugins/Runtime/Steam/SteamVR/Content/' was aborted.
[2018.05.23-00.21.34:004][361]LogExit: Object subsystem successfully closed.
[2018.05.23-00.21.34:055][361]LogD3D11RHI: Shutdown
[2018.05.23-00.21.34:055][361]LogD3D11RHI: CleanupD3DDevice
[2018.05.23-00.21.34:228][361]LogD3D11RHI: ~FD3D11DynamicRHI
[2018.05.23-00.21.34:270][361]LogModuleManager: Shutting down and abandoning module MovieSceneCapture (536)
[2018.05.23-00.21.34:271][361]LogModuleManager: Shutting down and abandoning module BlueprintGraph (534)
[2018.05.23-00.21.34:271][361]LogModuleManager: Shutting down and abandoning module BlueprintProfiler (532)
[2018.05.23-00.21.34:272][361]LogModuleManager: Shutting down and abandoning module HierarchicalLODOutliner (530)
[2018.05.23-00.21.34:272][361]LogModuleManager: Shutting down and abandoning module SceneOutliner (528)
[2018.05.23-00.21.34:272][361]LogModuleManager: Shutting down and abandoning module AddContentDialog (526)
[2018.05.23-00.21.34:272][361]LogDirectoryWatcher: A directory notification for 'C:/Epic Games/UE_4.17/FeaturePacks/' was aborted.
[2018.05.23-00.21.34:274][361]LogModuleManager: Shutting down and abandoning module WidgetCarousel (525)
[2018.05.23-00.21.34:274][361]LogModuleManager: Shutting down and abandoning module EditorWidgets (522)
[2018.05.23-00.21.34:274][361]LogModuleManager: Shutting down and abandoning module CollectionManager (520)
[2018.05.23-00.21.34:274][361]LogDirectoryWatcher: A directory notification for 'C:/Users/Shash/Documents/Unreal Projects/MyProject3 4.17/Content/Collections/' was aborted.
[2018.05.23-00.21.34:274][361]LogDirectoryWatcher: A directory notification for 'C:/Users/Shash/Documents/Unreal Projects/MyProject3 4.17/Content/Developers/Shash/Collections/' was aborted.
[2018.05.23-00.21.34:274][361]LogDirectoryWatcher: A directory notification for 'C:/Users/Shash/Documents/Unreal Projects/MyProject3 4.17/Saved/Collections/' was aborted.
[2018.05.23-00.21.34:274][361]LogModuleManager: Shutting down and abandoning module StatsViewer (518)
[2018.05.23-00.21.34:274][361]LogModuleManager: Shutting down and abandoning module FoliageEdit (516)
[2018.05.23-00.21.34:274][361]LogModuleManager: Shutting down and abandoning module LandscapeEditor (514)
[2018.05.23-00.21.34:274][361]LogModuleManager: Shutting down and abandoning module MeshPaintMode (512)
[2018.05.23-00.21.34:275][361]LogModuleManager: Shutting down and abandoning module SceneDepthPickerMode (510)
[2018.05.23-00.21.34:275][361]LogModuleManager: Shutting down and abandoning module ActorPickerMode (508)
[2018.05.23-00.21.34:275][361]LogModuleManager: Shutting down and abandoning module GeometryMode (506)
[2018.05.23-00.21.34:275][361]LogModuleManager: Shutting down and abandoning module TextureAlignMode (504)
[2018.05.23-00.21.34:275][361]LogModuleManager: Shutting down and abandoning module BspMode (502)
[2018.05.23-00.21.34:275][361]LogModuleManager: Shutting down and abandoning module PIEPreviewDeviceProfileSelector (500)
[2018.05.23-00.21.34:275][361]LogModuleManager: Shutting down and abandoning module HardwareSurvey (498)
[2018.05.23-00.21.34:275][361]LogModuleManager: Shutting down and abandoning module SequenceRecorderSections (496)
[2018.05.23-00.21.34:275][361]LogModuleManager: Shutting down and abandoning module AutomationWorker (494)
[2018.05.23-00.21.34:275][361]LogModuleManager: Shutting down and abandoning module MatineeToLevelSequence (492)
[2018.05.23-00.21.34:275][361]LogModuleManager: Shutting down and abandoning module LevelSequenceEditor (490)
[2018.05.23-00.21.34:275][361]LogModuleManager: Shutting down and abandoning module PlacementMode (489)
[2018.05.23-00.21.34:275][361]LogModuleManager: Shutting down and abandoning module WmfMediaFactory (486)
[2018.05.23-00.21.34:275][361]LogModuleManager: Shutting down and abandoning module WmfMediaEditor (484)
[2018.05.23-00.21.34:275][361]LogModuleManager: Shutting down and abandoning module AvfMediaFactory (482)
[2018.05.23-00.21.34:275][361]LogModuleManager: Shutting down and abandoning module AvfMediaEditor (480)
[2018.05.23-00.21.34:275][361]LogModuleManager: Shutting down and abandoning module AndroidMediaFactory (478)
[2018.05.23-00.21.34:275][361]LogModuleManager: Shutting down and abandoning module Media (477)
[2018.05.23-00.21.34:275][361]LogModuleManager: Shutting down and abandoning module AndroidMediaEditor (474)
[2018.05.23-00.21.34:275][361]LogModuleManager: Shutting down and abandoning module CharacterAI (472)
[2018.05.23-00.21.34:275][361]LogModuleManager: Shutting down and abandoning module AudioCapture (470)
[2018.05.23-00.21.34:275][361]LogModuleManager: Shutting down and abandoning module SequenceRecorder (469)
[2018.05.23-00.21.34:275][361]LogModuleManager: Shutting down and abandoning module SmartSnapping (466)
[2018.05.23-00.21.34:275][361]LogModuleManager: Shutting down and abandoning module SessionServices (464)
[2018.05.23-00.21.34:275][361]LogModuleManager: Shutting down and abandoning module ViewportSnapping (462)
[2018.05.23-00.21.34:275][361]LogModuleManager: Shutting down and abandoning module ViewportInteraction (460)
[2018.05.23-00.21.34:275][361]LogModuleManager: Shutting down and abandoning module ClothPainter (458)
[2018.05.23-00.21.34:275][361]LogModuleManager: Shutting down and abandoning module LogVisualizer (456)
[2018.05.23-00.21.34:275][361]LogModuleManager: Shutting down and abandoning module IntroTutorials (454)
[2018.05.23-00.21.34:276][361]LogModuleManager: Shutting down and abandoning module GameProjectGeneration (453)
[2018.05.23-00.21.34:276][361]LogModuleManager: Shutting down and abandoning module IOSPlatformEditor (450)
[2018.05.23-00.21.34:276][361]LogModuleManager: Shutting down and abandoning module HTML5PlatformEditor (448)
[2018.05.23-00.21.34:276][361]LogModuleManager: Shutting down and abandoning module AndroidPlatformEditor (446)
[2018.05.23-00.21.34:276][361]LogModuleManager: Shutting down and abandoning module AndroidDeviceDetection (445)
[2018.05.23-00.21.35:026][361]LogModuleManager: Shutting down and abandoning module WindowsPlatformEditor (442)
[2018.05.23-00.21.35:026][361]LogModuleManager: Shutting down and abandoning module IOSRuntimeSettings (440)
[2018.05.23-00.21.35:026][361]LogModuleManager: Shutting down and abandoning module AndroidRuntimeSettings (438)
[2018.05.23-00.21.35:026][361]LogModuleManager: Shutting down and abandoning module InputBindingEditor (436)
[2018.05.23-00.21.35:026][361]LogModuleManager: Shutting down and abandoning module MergeActors (434)
[2018.05.23-00.21.35:026][361]LogModuleManager: Shutting down and abandoning module SizeMap (432)
[2018.05.23-00.21.35:026][361]LogModuleManager: Shutting down and abandoning module TreeMap (430)
[2018.05.23-00.21.35:026][361]LogModuleManager: Shutting down and abandoning module ReferenceViewer (428)
[2018.05.23-00.21.35:026][361]LogModuleManager: Shutting down and abandoning module LocalizationDashboard (426)
[2018.05.23-00.21.35:026][361]LogModuleManager: Shutting down and abandoning module LocalizationService (425)
[2018.05.23-00.21.35:026][361]LogModuleManager: Shutting down and abandoning module HardwareTargeting (422)
[2018.05.23-00.21.35:026][361]LogModuleManager: Shutting down and abandoning module DeviceProfileEditor (420)
[2018.05.23-00.21.35:026][361]LogModuleManager: Shutting down and abandoning module UndoHistory (418)
[2018.05.23-00.21.35:026][361]LogModuleManager: Shutting down and abandoning module XmlParser (416)
[2018.05.23-00.21.35:026][361]LogModuleManager: Shutting down and abandoning module Blutility (414)
[2018.05.23-00.21.35:026][361]LogModuleManager: Shutting down and abandoning module ProjectSettingsViewer (412)
[2018.05.23-00.21.35:026][361]LogModuleManager: Shutting down and abandoning module ProjectTargetPlatformEditor (411)
[2018.05.23-00.21.35:027][361]LogModuleManager: Shutting down and abandoning module EditorSettingsViewer (408)
[2018.05.23-00.21.35:027][361]LogModuleManager: Shutting down and abandoning module SettingsEditor (406)
[2018.05.23-00.21.35:027][361]LogModuleManager: Shutting down and abandoning module ProjectLauncher (404)
[2018.05.23-00.21.35:027][361]LogModuleManager: Shutting down and abandoning module SessionFrontend (402)
[2018.05.23-00.21.35:027][361]LogModuleManager: Shutting down and abandoning module ProfilerClient (400)
[2018.05.23-00.21.35:027][361]LogModuleManager: Shutting down and abandoning module DeviceManager (398)
[2018.05.23-00.21.35:027][361]LogModuleManager: Shutting down and abandoning module TargetDeviceServices (397)
[2018.05.23-00.21.35:079][361]LogModuleManager: Shutting down and abandoning module AutomationController (394)
[2018.05.23-00.21.35:079][361]LogModuleManager: Shutting down and abandoning module AutomationWindow (392)
[2018.05.23-00.21.35:079][361]LogModuleManager: Shutting down and abandoning module Layers (390)
[2018.05.23-00.21.35:079][361]LogModuleManager: Shutting down and abandoning module ComponentVisualizers (388)
[2018.05.23-00.21.35:079][361]LogModuleManager: Shutting down and abandoning module DetailCustomizations (386)
[2018.05.23-00.21.35:079][361]LogModuleManager: Shutting down and abandoning module PackagesDialog (384)
[2018.05.23-00.21.35:079][361]LogModuleManager: Shutting down and abandoning module Persona (382)
[2018.05.23-00.21.35:079][361]LogModuleManager: Shutting down and abandoning module AdvancedPreviewScene (381)
[2018.05.23-00.21.35:079][361]LogModuleManager: Shutting down and abandoning module AnimGraph (379)
[2018.05.23-00.21.35:079][361]LogModuleManager: Shutting down and abandoning module Kismet (376)
[2018.05.23-00.21.35:090][361]LogModuleManager: Shutting down and abandoning module ClassViewer (374)
[2018.05.23-00.21.35:090][361]LogModuleManager: Shutting down and abandoning module Toolbox (372)
[2018.05.23-00.21.35:090][361]LogModuleManager: Shutting down and abandoning module ModuleUI (370)
[2018.05.23-00.21.35:090][361]LogModuleManager: Shutting down and abandoning module MovieSceneTools (368)
[2018.05.23-00.21.35:090][361]LogModuleManager: Shutting down and abandoning module OutputLog (366)
[2018.05.23-00.21.35:090][361]LogModuleManager: Shutting down and abandoning module GammaUI (364)
[2018.05.23-00.21.35:090][361]LogModuleManager: Shutting down and abandoning module Documentation (362)
[2018.05.23-00.21.35:090][361]LogModuleManager: Shutting down and abandoning module MovieSceneTracks (360)
[2018.05.23-00.21.35:090][361]LogModuleManager: Shutting down and abandoning module MovieScene (358)
[2018.05.23-00.21.35:090][361]LogModuleManager: Shutting down and abandoning module Niagara (356)
[2018.05.23-00.21.35:090][361]LogModuleManager: Shutting down and abandoning module NiagaraEditor (355)
[2018.05.23-00.21.35:090][361]LogModuleManager: Shutting down and abandoning module StreamingPauseRendering (352)
[2018.05.23-00.21.35:090][361]LogModuleManager: Shutting down and abandoning module LauncherPlatform (350)
[2018.05.23-00.21.35:090][361]LogModuleManager: Shutting down and abandoning module AnalyticsET (348)
[2018.05.23-00.21.35:090][361]LogModuleManager: Shutting down and abandoning module PortalServices (346)
[2018.05.23-00.21.35:090][361]LogModuleManager: Shutting down and abandoning module PortalRpc (344)
[2018.05.23-00.21.35:090][361]LogModuleManager: Shutting down and abandoning module MessagingRpc (342)
[2018.05.23-00.21.35:090][361]LogModuleManager: Shutting down and abandoning module AIModule (340)
[2018.05.23-00.21.35:090][361]LogModuleManager: Shutting down and abandoning module GameplayDebugger (339)
[2018.05.23-00.21.35:090][361]LogModuleManager: Shutting down and abandoning module AITestSuite (337)
[2018.05.23-00.21.35:091][361]LogModuleManager: Shutting down and abandoning module ProfilerService (334)
[2018.05.23-00.21.35:114][361]LogModuleManager: Shutting down and abandoning module TaskGraph (332)
[2018.05.23-00.21.35:114][361]LogModuleManager: Shutting down and abandoning module SteamVRController (330)
[2018.05.23-00.21.35:114][361]LogModuleManager: Shutting down and abandoning module ProceduralMeshComponentEditor (328)
[2018.05.23-00.21.35:114][361]LogModuleManager: Shutting down and abandoning module ProceduralMeshComponent (326)
[2018.05.23-00.21.35:114][361]LogModuleManager: Shutting down and abandoning module OculusInput (324)
[2018.05.23-00.21.35:114][361]LogModuleManager: Shutting down and abandoning module MobilePatchingUtils (322)
[2018.05.23-00.21.35:114][361]LogModuleManager: Shutting down and abandoning module CustomMeshComponent (320)
[2018.05.23-00.21.35:114][361]LogModuleManager: Shutting down and abandoning module CableComponent (318)
[2018.05.23-00.21.35:114][361]LogModuleManager: Shutting down and abandoning module ArchVisCharacter (316)
[2018.05.23-00.21.35:114][361]LogModuleManager: Shutting down and abandoning module AndroidPermission (314)
[2018.05.23-00.21.35:114][361]LogModuleManager: Shutting down and abandoning module MediaPlayerEditor (310)
[2018.05.23-00.21.35:114][361]LogModuleManager: Shutting down and abandoning module HTML5Networking (308)
[2018.05.23-00.21.35:114][361]LogModuleManager: Shutting down and abandoning module AlembicImporter (306)
[2018.05.23-00.21.35:114][361]LogModuleManager: Shutting down and abandoning module AlembicLibrary (305)
[2018.05.23-00.21.35:114][361]LogModuleManager: Shutting down and abandoning module GeometryCache (304)
[2018.05.23-00.21.35:114][361]LogModuleManager: Shutting down and abandoning module GeometryCacheEd (303)
[2018.05.23-00.21.35:114][361]LogModuleManager: Shutting down and abandoning module SpeedTreeImporter (298)
[2018.05.23-00.21.35:114][361]LogModuleManager: Shutting down and abandoning module PluginBrowser (296)
[2018.05.23-00.21.35:114][361]LogModuleManager: Shutting down and abandoning module MobileLauncherProfileWizard (294)
[2018.05.23-00.21.35:114][361]LogModuleManager: Shutting down and abandoning module VisualStudioSourceCodeAccess (292)
[2018.05.23-00.21.35:114][361]LogModuleManager: Shutting down and abandoning module DesktopPlatform (291)
[2018.05.23-00.21.35:114][361]LogModuleManager: Shutting down and abandoning module UObjectPlugin (288)
[2018.05.23-00.21.35:115][361]LogModuleManager: Shutting down and abandoning module SubversionSourceControl (286)
[2018.05.23-00.21.35:115][361]LogModuleManager: Shutting down and abandoning module PerforceSourceControl (284)
[2018.05.23-00.21.35:115][361]LogModuleManager: Shutting down and abandoning module GitSourceControl (282)
[2018.05.23-00.21.35:115][361]LogModuleManager: Shutting down and abandoning module SourceControl (281)
[2018.05.23-00.21.35:115][361]LogModuleManager: Shutting down and abandoning module LightPropagationVolumeEditor (278)
[2018.05.23-00.21.35:115][361]LogModuleManager: Shutting down and abandoning module PaperTiledImporter (276)
[2018.05.23-00.21.35:115][361]LogModuleManager: Shutting down and abandoning module PaperSpriteSheetImporter (274)
[2018.05.23-00.21.35:115][361]LogModuleManager: Shutting down and abandoning module Paper2DEditor (272)
[2018.05.23-00.21.35:115][361]LogModuleManager: Shutting down and abandoning module MeshPaint (271)
[2018.05.23-00.21.35:115][361]LogModuleManager: Shutting down and abandoning module LevelEditor (269)
[2018.05.23-00.21.35:116][361]LogModuleManager: Shutting down and abandoning module PixelInspectorModule (268)
[2018.05.23-00.21.35:116][361]LogModuleManager: Shutting down and abandoning module MainFrame (266)
[2018.05.23-00.21.35:116][361]LogModuleManager: Shutting down and abandoning module HotReload (265)
[2018.05.23-00.21.35:116][361]LogModuleManager: Shutting down and abandoning module RuntimePhysXCooking (260)
[2018.05.23-00.21.35:116][361]LogModuleManager: Shutting down and abandoning module PhysXVehiclesEditor (258)
[2018.05.23-00.21.35:116][361]LogModuleManager: Shutting down and abandoning module PhysXVehicles (256)
[2018.05.23-00.21.35:117][361]LogModuleManager: Shutting down and abandoning module OculusEditor (254)
[2018.05.23-00.21.35:117][361]LogModuleManager: Shutting down and abandoning module LocationServicesBPLibrary (252)
[2018.05.23-00.21.35:117][361]LogModuleManager: Shutting down and abandoning module ImmediatePhysicsEditor (250)
[2018.05.23-00.21.35:117][361]LogModuleManager: Shutting down and abandoning module ImmediatePhysics (248)
[2018.05.23-00.21.35:117][361]LogModuleManager: Shutting down and abandoning module UdpMessaging (246)
[2018.05.23-00.21.35:217][361]LogModuleManager: Shutting down and abandoning module TcpMessaging (244)
[2018.05.23-00.21.35:317][361]LogModuleManager: Shutting down and abandoning module GameplayTagsEditor (242)
[2018.05.23-00.21.35:317][361]LogModuleManager: Shutting down and abandoning module FacialAnimationEditor (240)
[2018.05.23-00.21.35:317][361]LogModuleManager: Shutting down and abandoning module FacialAnimation (238)
[2018.05.23-00.21.35:317][361]LogModuleManager: Shutting down and abandoning module AssetManagerEditor (236)
[2018.05.23-00.21.35:317][361]LogModuleManager: Shutting down and abandoning module GraphEditor (235)
[2018.05.23-00.21.35:317][361]LogModuleManager: Shutting down and abandoning module ContentBrowser (233)
[2018.05.23-00.21.35:318][361]LogModuleManager: Shutting down and abandoning module LightPropagationVolumeRuntime (230)
[2018.05.23-00.21.35:318][361]LogModuleManager: Shutting down and abandoning module Paper2D (228)
[2018.05.23-00.21.35:318][361]LogModuleManager: Shutting down and abandoning module WindowsMoviePlayer (226)
[2018.05.23-00.21.35:318][361]LogModuleManager: Shutting down and abandoning module WmfMedia (224)
[2018.05.23-00.21.35:320][361]LogModuleManager: Shutting down and abandoning module PacketHandler (222)
[2018.05.23-00.21.35:320][361]LogModuleManager: Shutting down and abandoning module ClothingSystemEditor (220)
[2018.05.23-00.21.35:320][361]LogModuleManager: Shutting down and abandoning module ClothingSystemRuntime (218)
[2018.05.23-00.21.35:320][361]LogModuleManager: Shutting down and abandoning module Overlay (216)
[2018.05.23-00.21.35:320][361]LogModuleManager: Shutting down and abandoning module OverlayEditor (215)
[2018.05.23-00.21.35:320][361]LogModuleManager: Shutting down and abandoning module MediaAssets (212)
[2018.05.23-00.21.35:320][361]LogModuleManager: Shutting down and abandoning module VREditor (210)
[2018.05.23-00.21.35:320][361]LogModuleManager: Shutting down and abandoning module StringTableEditor (208)
[2018.05.23-00.21.35:320][361]LogModuleManager: Shutting down and abandoning module GameplayTasksEditor (206)
[2018.05.23-00.21.35:320][361]LogModuleManager: Shutting down and abandoning module BehaviorTreeEditor (204)
[2018.05.23-00.21.35:321][361]LogModuleManager: Shutting down and abandoning module FunctionalTesting (202)
[2018.05.23-00.21.35:321][361]LogModuleManager: Shutting down and abandoning module CollisionAnalyzer (200)
[2018.05.23-00.21.35:321][361]LogModuleManager: Shutting down and abandoning module WorkspaceMenuStructure (199)
[2018.05.23-00.21.35:321][361]LogModuleManager: Shutting down and abandoning module UMG (196)
[2018.05.23-00.21.35:321][361]LogModuleManager: Shutting down and abandoning module UMGEditor (195)
[2018.05.23-00.21.35:321][361]LogModuleManager: Shutting down and abandoning module Sequencer (194)
[2018.05.23-00.21.35:321][361]LogModuleManager: Shutting down and abandoning module MessageLog (191)
[2018.05.23-00.21.35:321][361]LogModuleManager: Shutting down and abandoning module SlateReflector (186)
[2018.05.23-00.21.35:321][361]LogModuleManager: Shutting down and abandoning module Slate (184)
[2018.05.23-00.21.35:321][361]LogModuleManager: Shutting down and abandoning module EditorStyle (182)
[2018.05.23-00.21.35:330][361]LogModuleManager: Shutting down and abandoning module MRMesh (180)
[2018.05.23-00.21.35:330][361]LogModuleManager: Shutting down and abandoning module SourceCodeAccess (178)
[2018.05.23-00.21.35:330][361]LogModuleManager: Shutting down and abandoning module HeadMountedDisplay (176)
[2018.05.23-00.21.35:330][361]LogModuleManager: Shutting down and abandoning module XAudio2 (174)
[2018.05.23-00.21.35:330][361]LogModuleManager: Shutting down and abandoning module Networking (172)
[2018.05.23-00.21.35:331][361]LogModuleManager: Shutting down and abandoning module Core (168)
[2018.05.23-00.21.35:331][361]LogModuleManager: Shutting down and abandoning module KismetCompiler (164)
[2018.05.23-00.21.35:331][361]LogModuleManager: Shutting down and abandoning module LevelSequence (162)
[2018.05.23-00.21.35:331][361]LogModuleManager: Shutting down and abandoning module MeshUtilities (160)
[2018.05.23-00.21.35:331][361]LogModuleManager: Shutting down and abandoning module MeshMergeUtilities (159)
[2018.05.23-00.21.35:331][361]LogModuleManager: Shutting down and abandoning module MeshReductionInterface (158)
[2018.05.23-00.21.35:331][361]LogModuleManager: Shutting down and abandoning module SimplygonSwarm (157)
[2018.05.23-00.21.35:331][361]LogModuleManager: Shutting down and abandoning module SimplygonMeshReduction (155)
[2018.05.23-00.21.35:331][361]LogModuleManager: Shutting down and abandoning module QuadricMeshReduction (153)
[2018.05.23-00.21.35:331][361]LogModuleManager: Shutting down and abandoning module MaterialBaking (149)
[2018.05.23-00.21.35:331][361]LogModuleManager: Shutting down and abandoning module DirectoryWatcher (146)
[2018.05.23-00.21.35:332][361]LogModuleManager: Shutting down and abandoning module DerivedDataCache (144)
[2018.05.23-00.21.35:395][361]LogDerivedDataCache: Shutdown
[2018.05.23-00.21.35:395][361]LogModuleManager: Shutting down and abandoning module TargetPlatform (142)
[2018.05.23-00.21.35:395][361]LogModuleManager: Shutting down and abandoning module VulkanShaderFormat (141)
[2018.05.23-00.21.35:395][361]LogModuleManager: Shutting down and abandoning module ShaderFormatVectorVM (139)
[2018.05.23-00.21.35:395][361]LogModuleManager: Shutting down and abandoning module ShaderFormatOpenGL (137)
[2018.05.23-00.21.35:395][361]LogModuleManager: Shutting down and abandoning module ShaderFormatD3D (135)
[2018.05.23-00.21.35:395][361]LogModuleManager: Shutting down and abandoning module MetalShaderFormat (133)
[2018.05.23-00.21.35:396][361]LogModuleManager: Shutting down and abandoning module TextureFormatUncompressed (131)
[2018.05.23-00.21.35:396][361]LogModuleManager: Shutting down and abandoning module TextureFormatPVR (129)
[2018.05.23-00.21.35:396][361]LogModuleManager: Shutting down and abandoning module TextureFormatDXT (127)
[2018.05.23-00.21.35:396][361]LogModuleManager: Shutting down and abandoning module TextureFormatIntelISPCTexComp (125)
[2018.05.23-00.21.35:396][361]LogModuleManager: Shutting down and abandoning module TextureFormatASTC (123)
[2018.05.23-00.21.35:396][361]LogModuleManager: Shutting down and abandoning module ImageWrapper (122)
[2018.05.23-00.21.35:396][361]LogModuleManager: Shutting down and abandoning module TextureFormatAndroid (119)
[2018.05.23-00.21.35:396][361]LogModuleManager: Shutting down and abandoning module AudioFormatOpus (117)
[2018.05.23-00.21.35:396][361]LogModuleManager: Shutting down and abandoning module AudioFormatOgg (115)
[2018.05.23-00.21.35:396][361]LogModuleManager: Shutting down and abandoning module AudioFormatADPCM (113)
[2018.05.23-00.21.35:396][361]LogModuleManager: Shutting down and abandoning module LinuxTargetPlatform (111)
[2018.05.23-00.21.35:396][361]LogModuleManager: Shutting down and abandoning module LinuxServerTargetPlatform (109)
[2018.05.23-00.21.35:396][361]LogModuleManager: Shutting down and abandoning module LinuxNoEditorTargetPlatform (107)
[2018.05.23-00.21.35:396][361]LogModuleManager: Shutting down and abandoning module LinuxClientTargetPlatform (105)
[2018.05.23-00.21.35:396][361]LogModuleManager: Shutting down and abandoning module TVOSTargetPlatform (103)
[2018.05.23-00.21.35:396][361]LogModuleManager: Shutting down and abandoning module Messaging (101)
[2018.05.23-00.21.35:396][361]LogModuleManager: Shutting down and abandoning module IOSTargetPlatform (99)
[2018.05.23-00.21.35:396][361]LogModuleManager: Shutting down and abandoning module HTML5TargetPlatform (97)
[2018.05.23-00.21.35:396][361]LogModuleManager: Shutting down and abandoning module Android_PVRTCTargetPlatform (95)
[2018.05.23-00.21.35:396][361]LogModuleManager: Shutting down and abandoning module Android_MultiTargetPlatform (93)
[2018.05.23-00.21.35:396][361]LogModuleManager: Shutting down and abandoning module Android_ETC2TargetPlatform (91)
[2018.05.23-00.21.35:396][361]LogModuleManager: Shutting down and abandoning module Android_ETC1TargetPlatform (89)
[2018.05.23-00.21.35:396][361]LogModuleManager: Shutting down and abandoning module Android_DXTTargetPlatform (87)
[2018.05.23-00.21.35:396][361]LogModuleManager: Shutting down and abandoning module Android_ATCTargetPlatform (85)
[2018.05.23-00.21.35:396][361]LogModuleManager: Shutting down and abandoning module Android_ASTCTargetPlatform (83)
[2018.05.23-00.21.35:397][361]LogModuleManager: Shutting down and abandoning module AndroidTargetPlatform (81)
[2018.05.23-00.21.35:397][361]LogModuleManager: Shutting down and abandoning module WindowsTargetPlatform (79)
[2018.05.23-00.21.35:397][361]LogModuleManager: Shutting down and abandoning module WindowsServerTargetPlatform (77)
[2018.05.23-00.21.35:397][361]LogModuleManager: Shutting down and abandoning module WindowsNoEditorTargetPlatform (75)
[2018.05.23-00.21.35:397][361]LogModuleManager: Shutting down and abandoning module WindowsClientTargetPlatform (73)
[2018.05.23-00.21.35:397][361]LogModuleManager: Shutting down and abandoning module MacTargetPlatform (71)
[2018.05.23-00.21.35:397][361]LogModuleManager: Shutting down and abandoning module MacServerTargetPlatform (69)
[2018.05.23-00.21.35:397][361]LogModuleManager: Shutting down and abandoning module MacNoEditorTargetPlatform (67)
[2018.05.23-00.21.35:397][361]LogModuleManager: Shutting down and abandoning module MacClientTargetPlatform (65)
[2018.05.23-00.21.35:397][361]LogModuleManager: Shutting down and abandoning module AllDesktopTargetPlatform (63)
[2018.05.23-00.21.35:397][361]LogModuleManager: Shutting down and abandoning module InputCore (60)
[2018.05.23-00.21.35:397][361]LogModuleManager: Shutting down and abandoning module Settings (58)
[2018.05.23-00.21.35:397][361]LogModuleManager: Shutting down and abandoning module PhysXCooking (56)
[2018.05.23-00.21.35:397][361]LogModuleManager: Shutting down and abandoning module SteamVR (54)
[2018.05.23-00.21.35:397][361]LogModuleManager: Shutting down and abandoning module OculusHMD (52)
[2018.05.23-00.21.35:397][361]LogModuleManager: Shutting down and abandoning module ExampleDeviceProfileSelector (50)
[2018.05.23-00.21.35:397][361]LogModuleManager: Shutting down and abandoning module OnlineBlueprintSupport (48)
[2018.05.23-00.21.35:397][361]LogModuleManager: Shutting down and abandoning module OnlineSubsystem (44)
[2018.05.23-00.21.35:397][361]LogOnline: Display: Unloading online subsystem: NULL
[2018.05.23-00.21.35:397][361]LogModuleManager: Shutting down and abandoning module XMPP (43)
[2018.05.23-00.21.35:397][361]LogModuleManager: Shutting down and abandoning module HTTP (41)
[2018.05.23-00.21.35:397][361]LogHttp: Display: Http module shutting down, but needs to wait on 1 outstanding Http requests:
[2018.05.23-00.21.35:397][361]LogHttp: Display: 	verb=[POST] url=[https://datarouter.ol.epicgames.com/datarouter/api/v1/public/data?SessionID=%7BC5BF787F-4274-E82D-8B35-5A869F2BC83D%7D&AppID=UEEditor.Rocket.Release&AppVersion=4.17.1-3586342%2B%2B%2BUE4%2BRelease-4.17&UserID=a596c20f46b73a9decf16297744fe2fe%7Cff085e88b05e4921837d08ee1167414f%7C10faf2bf-bb0b-4672-bd75-c2912f495b91&AppEnvironment=datacollector-binary&UploadType=eteventstream] status=Processing
[2018.05.23-00.21.35:402][361]LogModuleManager: Shutting down and abandoning module SSL (40)
[2018.05.23-00.21.35:406][361]LogModuleManager: Shutting down and abandoning module AnimationModifiers (36)
[2018.05.23-00.21.35:406][361]LogModuleManager: Shutting down and abandoning module PropertyEditor (35)
[2018.05.23-00.21.35:407][361]LogModuleManager: Shutting down and abandoning module AudioEditor (32)
[2018.05.23-00.21.35:407][361]LogModuleManager: Shutting down and abandoning module TextureCompressor (30)
[2018.05.23-00.21.35:407][361]LogModuleManager: Shutting down and abandoning module ShaderCore (28)
[2018.05.23-00.21.35:407][361]LogModuleManager: Shutting down and abandoning module Landscape (26)
[2018.05.23-00.21.35:407][361]LogModuleManager: Shutting down and abandoning module SlateRHIRenderer (24)
[2018.05.23-00.21.35:409][361]LogModuleManager: Shutting down and abandoning module OpenGLDrv (22)
[2018.05.23-00.21.35:409][361]LogModuleManager: Shutting down and abandoning module D3D11RHI (20)
[2018.05.23-00.21.35:409][361]LogModuleManager: Shutting down and abandoning module AnimGraphRuntime (18)
[2018.05.23-00.21.35:409][361]LogModuleManager: Shutting down and abandoning module Renderer (16)
[2018.05.23-00.21.35:409][361]LogModuleManager: Shutting down and abandoning module Engine (14)
[2018.05.23-00.21.35:409][361]LogModuleManager: Shutting down and abandoning module CoreUObject (12)
[2018.05.23-00.21.35:409][361]LogModuleManager: Shutting down and abandoning module NetworkFile (10)
[2018.05.23-00.21.35:409][361]LogModuleManager: Shutting down and abandoning module CookedIterativeFile (8)
[2018.05.23-00.21.35:409][361]LogModuleManager: Shutting down and abandoning module StreamingFile (6)
[2018.05.23-00.21.35:409][361]LogModuleManager: Shutting down and abandoning module SandboxFile (4)
[2018.05.23-00.21.35:409][361]LogModuleManager: Shutting down and abandoning module PakFile (2)
[2018.05.23-00.21.35:411][361]LogExit: Exiting.
[2018.05.23-00.21.35:430][361]Log file closed, 05/22/18 19:21:35
